#
# There is insufficient memory for the Java Runtime Environment to continue.
# Native memory allocation (malloc) failed to allocate 996976 bytes for Chunk::new
# Possible reasons:
#   The system is out of physical RAM or swap space
#   The process is running with CompressedOops enabled, and the Java Heap may be blocking the growth of the native heap
# Possible solutions:
#   Reduce memory load on the system
#   Increase physical memory or swap space
#   Check if swap backing store is full
#   Decrease Java heap size (-Xmx/-Xms)
#   Decrease number of Java threads
#   Decrease Java thread stack sizes (-Xss)
#   Set larger code cache with -XX:ReservedCodeCacheSize=
#   JVM is running with Unscaled Compressed Oops mode in which the Java heap is
#     placed in the first 4GB address space. The Java Heap base address is the
#     maximum limit for the native heap growth. Please use -XX:HeapBaseMinAddress
#     to set the Java Heap base and to place the Java Heap above 4GB virtual address.
# This output file may be truncated or incomplete.
#
#  Out of Memory Error (./src/hotspot/share/memory/arena.cpp:197), pid=32036, tid=36916
#
# JRE version: OpenJDK Runtime Environment Zulu11.48+21-CA (11.0.11+9) (build 11.0.11+9-LTS)
# Java VM: OpenJDK 64-Bit Server VM Zulu11.48+21-CA (11.0.11+9-LTS, mixed mode, tiered, compressed oops, g1 gc, windows-amd64)
# No core dump will be written. Minidumps are not enabled by default on client versions of Windows
#

---------------  S U M M A R Y ------------

Command Line: -javaagent:C:\Users\wesle\AppData\Local\JetBrains\Toolbox\apps\IDEA-C\ch-0\202.8194.7\lib\idea_rt.jar=55336:C:\Users\wesle\AppData\Local\JetBrains\Toolbox\apps\IDEA-C\ch-0\202.8194.7\bin -Dfile.encoding=UTF-8 com.devsuperior.dscatalog.DscatalogApplication

Host: Intel(R) Core(TM) i7-8565U CPU @ 1.80GHz, 8 cores, 7G,  Windows 10 , 64 bit Build 22000 (10.0.22000.434)
Time: Fri Apr  1 17:59:47 2022 Hora oficial do Brasil elapsed time: 5.378216 seconds (0d 0h 0m 5s)

---------------  T H R E A D  ---------------

Current thread (0x0000022376879000):  JavaThread "C2 CompilerThread0" daemon [_thread_in_native, id=36916, stack(0x000000ffbef00000,0x000000ffbf000000)]


Current CompileTask:
C2:   5378 3453       4       java.lang.invoke.MethodType::makeImpl (108 bytes)

Stack: [0x000000ffbef00000,0x000000ffbf000000]
Native frames: (J=compiled Java code, j=interpreted, Vv=VM code, C=native code)
V  [jvm.dll+0x5fa24a]
V  [jvm.dll+0x782ebe]
V  [jvm.dll+0x78458f]
V  [jvm.dll+0x784c53]
V  [jvm.dll+0x247158]
V  [jvm.dll+0xbe8dc]
V  [jvm.dll+0xbefdc]
V  [jvm.dll+0x34d837]
V  [jvm.dll+0x31b083]
V  [jvm.dll+0x31a3ba]
V  [jvm.dll+0x200aa5]
V  [jvm.dll+0x1ffc8f]
V  [jvm.dll+0x18517c]
V  [jvm.dll+0x20f107]
V  [jvm.dll+0x20d2eb]
V  [jvm.dll+0x7470b9]
V  [jvm.dll+0x740134]
V  [jvm.dll+0x5f90c6]
C  [ucrtbase.dll+0x26c0c]
C  [KERNEL32.DLL+0x154e0]
C  [ntdll.dll+0x485b]


---------------  P R O C E S S  ---------------

Threads class SMR info:
_java_thread_list=0x000002237797c500, length=13, elements={
0x0000022356c84800, 0x0000022375eea800, 0x0000022375ef4800, 0x0000022376865800,
0x0000022376868800, 0x000002237686d000, 0x0000022376879000, 0x000002237687c800,
0x0000022376886800, 0x0000022375e71800, 0x0000022376c98000, 0x0000022379c96000,
0x000002237a7f1800
}

Java Threads: ( => current thread )
  0x0000022356c84800 JavaThread "main" [_thread_in_vm, id=6340, stack(0x000000ffbe300000,0x000000ffbe400000)]
  0x0000022375eea800 JavaThread "Reference Handler" daemon [_thread_blocked, id=28500, stack(0x000000ffbea00000,0x000000ffbeb00000)]
  0x0000022375ef4800 JavaThread "Finalizer" daemon [_thread_blocked, id=22144, stack(0x000000ffbeb00000,0x000000ffbec00000)]
  0x0000022376865800 JavaThread "Signal Dispatcher" daemon [_thread_blocked, id=36616, stack(0x000000ffbec00000,0x000000ffbed00000)]
  0x0000022376868800 JavaThread "Attach Listener" daemon [_thread_blocked, id=29700, stack(0x000000ffbed00000,0x000000ffbee00000)]
  0x000002237686d000 JavaThread "Service Thread" daemon [_thread_blocked, id=26468, stack(0x000000ffbee00000,0x000000ffbef00000)]
=>0x0000022376879000 JavaThread "C2 CompilerThread0" daemon [_thread_in_native, id=36916, stack(0x000000ffbef00000,0x000000ffbf000000)]
  0x000002237687c800 JavaThread "C1 CompilerThread0" daemon [_thread_blocked, id=28880, stack(0x000000ffbf000000,0x000000ffbf100000)]
  0x0000022376886800 JavaThread "Sweeper thread" daemon [_thread_blocked, id=11272, stack(0x000000ffbf100000,0x000000ffbf200000)]
  0x0000022375e71800 JavaThread "Common-Cleaner" daemon [_thread_blocked, id=29832, stack(0x000000ffbf200000,0x000000ffbf300000)]
  0x0000022376c98000 JavaThread "Monitor Ctrl-Break" daemon [_thread_in_native, id=2316, stack(0x000000ffbf400000,0x000000ffbf500000)]
  0x0000022379c96000 JavaThread "C2 CompilerThread1" daemon [_thread_blocked, id=37764, stack(0x000000ffbf300000,0x000000ffbf400000)]
  0x000002237a7f1800 JavaThread "C2 CompilerThread2" daemon [_thread_blocked, id=18508, stack(0x000000ffbf800000,0x000000ffbf900000)]

Other Threads:
  0x0000022375eb3000 VMThread "VM Thread" [stack: 0x000000ffbe900000,0x000000ffbea00000] [id=30412]
  0x0000022376cfe800 WatcherThread [stack: 0x000000ffbf500000,0x000000ffbf600000] [id=15148]
  0x0000022356c9f800 GCTaskThread "GC Thread#0" [stack: 0x000000ffbe400000,0x000000ffbe500000] [id=28868]
  0x00000223779fd800 GCTaskThread "GC Thread#1" [stack: 0x000000ffbf600000,0x000000ffbf700000] [id=32832]
  0x000002237741e000 GCTaskThread "GC Thread#2" [stack: 0x000000ffbf700000,0x000000ffbf800000] [id=35180]
  0x00000223780b9800 GCTaskThread "GC Thread#3" [stack: 0x000000ffbf900000,0x000000ffbfa00000] [id=31220]
  0x0000022356ccd800 ConcurrentGCThread "G1 Main Marker" [stack: 0x000000ffbe500000,0x000000ffbe600000] [id=10260]
  0x0000022356ccf000 ConcurrentGCThread "G1 Conc#0" [stack: 0x000000ffbe600000,0x000000ffbe700000] [id=22496]
  0x0000022377e79800 ConcurrentGCThread "G1 Conc#1" [stack: 0x000000ffbfa00000,0x000000ffbfb00000] [id=27604]
  0x0000022356d4e000 ConcurrentGCThread "G1 Refine#0" [stack: 0x000000ffbe700000,0x000000ffbe800000] [id=36140]
  0x0000022375d20800 ConcurrentGCThread "G1 Young RemSet Sampling" [stack: 0x000000ffbe800000,0x000000ffbe900000] [id=39932]

Threads with active compile tasks:
C2 CompilerThread0   5435 3453       4       java.lang.invoke.MethodType::makeImpl (108 bytes)

VM state:not at safepoint (normal execution)

VM Mutex/Monitor currently owned by a thread:  ([mutex/lock_event])
[0x0000022356c813d0] SymbolTable_lock - owner thread: 0x0000000000000000

Heap address: 0x0000000081c00000, size: 2020 MB, Compressed Oops mode: 32-bit
Narrow klass base: 0x0000000000000000, Narrow klass shift: 3
Compressed class space size: 1073741824 Address: 0x0000000100000000

Heap:
 garbage-first heap   total 157696K, used 32578K [0x0000000081c00000, 0x0000000100000000)
  region size 1024K, 25 young (25600K), 6 survivors (6144K)
 Metaspace       used 38392K, capacity 39410K, committed 39424K, reserved 1085440K
  class space    used 4430K, capacity 4859K, committed 4864K, reserved 1048576K
Heap Regions: E=young(eden), S=young(survivor), O=old, HS=humongous(starts), HC=humongous(continues), CS=collection set, F=free, A=archive, TAMS=top-at-mark-start (previous, next)
|   0|0x0000000081c00000, 0x0000000081d00000, 0x0000000081d00000|100%|HS|  |TAMS 0x0000000081d00000, 0x0000000081c00000| Complete 
|   1|0x0000000081d00000, 0x0000000081e00000, 0x0000000081e00000|100%| O|  |TAMS 0x0000000081e00000, 0x0000000081d00000| Untracked 
|   2|0x0000000081e00000, 0x0000000081f00000, 0x0000000081f00000|100%| O|  |TAMS 0x0000000081f00000, 0x0000000081e00000| Untracked 
|   3|0x0000000081f00000, 0x0000000082000000, 0x0000000082000000|100%| O|  |TAMS 0x0000000082000000, 0x0000000081f00000| Untracked 
|   4|0x0000000082000000, 0x0000000082100000, 0x0000000082100000|100%| O|  |TAMS 0x0000000082100000, 0x0000000082000000| Untracked 
|   5|0x0000000082100000, 0x0000000082200000, 0x0000000082200000|100%| O|  |TAMS 0x0000000082200000, 0x0000000082100000| Untracked 
|   6|0x0000000082200000, 0x0000000082300000, 0x0000000082300000|100%| O|  |TAMS 0x0000000082300000, 0x0000000082200000| Untracked 
|   7|0x0000000082300000, 0x00000000823fec00, 0x0000000082400000| 99%| O|  |TAMS 0x00000000823fec00, 0x0000000082300000| Untracked 
|   8|0x0000000082400000, 0x0000000082400000, 0x0000000082500000|  0%| F|  |TAMS 0x0000000082400000, 0x0000000082400000| Untracked 
|   9|0x0000000082500000, 0x0000000082500000, 0x0000000082600000|  0%| F|  |TAMS 0x0000000082500000, 0x0000000082500000| Untracked 
|  10|0x0000000082600000, 0x0000000082600000, 0x0000000082700000|  0%| F|  |TAMS 0x0000000082600000, 0x0000000082600000| Untracked 
|  11|0x0000000082700000, 0x0000000082700000, 0x0000000082800000|  0%| F|  |TAMS 0x0000000082700000, 0x0000000082700000| Untracked 
|  12|0x0000000082800000, 0x0000000082800000, 0x0000000082900000|  0%| F|  |TAMS 0x0000000082800000, 0x0000000082800000| Untracked 
|  13|0x0000000082900000, 0x0000000082900000, 0x0000000082a00000|  0%| F|  |TAMS 0x0000000082900000, 0x0000000082900000| Untracked 
|  14|0x0000000082a00000, 0x0000000082a00000, 0x0000000082b00000|  0%| F|  |TAMS 0x0000000082a00000, 0x0000000082a00000| Untracked 
|  15|0x0000000082b00000, 0x0000000082b00000, 0x0000000082c00000|  0%| F|  |TAMS 0x0000000082b00000, 0x0000000082b00000| Untracked 
|  16|0x0000000082c00000, 0x0000000082c00000, 0x0000000082d00000|  0%| F|  |TAMS 0x0000000082c00000, 0x0000000082c00000| Untracked 
|  17|0x0000000082d00000, 0x0000000082d00000, 0x0000000082e00000|  0%| F|  |TAMS 0x0000000082d00000, 0x0000000082d00000| Untracked 
|  18|0x0000000082e00000, 0x0000000082e00000, 0x0000000082f00000|  0%| F|  |TAMS 0x0000000082e00000, 0x0000000082e00000| Untracked 
|  19|0x0000000082f00000, 0x0000000082f00000, 0x0000000083000000|  0%| F|  |TAMS 0x0000000082f00000, 0x0000000082f00000| Untracked 
|  20|0x0000000083000000, 0x0000000083000000, 0x0000000083100000|  0%| F|  |TAMS 0x0000000083000000, 0x0000000083000000| Untracked 
|  21|0x0000000083100000, 0x0000000083100000, 0x0000000083200000|  0%| F|  |TAMS 0x0000000083100000, 0x0000000083100000| Untracked 
|  22|0x0000000083200000, 0x0000000083200000, 0x0000000083300000|  0%| F|  |TAMS 0x0000000083200000, 0x0000000083200000| Untracked 
|  23|0x0000000083300000, 0x0000000083300000, 0x0000000083400000|  0%| F|  |TAMS 0x0000000083300000, 0x0000000083300000| Untracked 
|  24|0x0000000083400000, 0x0000000083400000, 0x0000000083500000|  0%| F|  |TAMS 0x0000000083400000, 0x0000000083400000| Untracked 
|  25|0x0000000083500000, 0x0000000083500000, 0x0000000083600000|  0%| F|  |TAMS 0x0000000083500000, 0x0000000083500000| Untracked 
|  26|0x0000000083600000, 0x0000000083600000, 0x0000000083700000|  0%| F|  |TAMS 0x0000000083600000, 0x0000000083600000| Untracked 
|  27|0x0000000083700000, 0x0000000083700000, 0x0000000083800000|  0%| F|  |TAMS 0x0000000083700000, 0x0000000083700000| Untracked 
|  28|0x0000000083800000, 0x0000000083800000, 0x0000000083900000|  0%| F|  |TAMS 0x0000000083800000, 0x0000000083800000| Untracked 
|  29|0x0000000083900000, 0x0000000083900000, 0x0000000083a00000|  0%| F|  |TAMS 0x0000000083900000, 0x0000000083900000| Untracked 
|  30|0x0000000083a00000, 0x0000000083a00000, 0x0000000083b00000|  0%| F|  |TAMS 0x0000000083a00000, 0x0000000083a00000| Untracked 
|  31|0x0000000083b00000, 0x0000000083b00000, 0x0000000083c00000|  0%| F|  |TAMS 0x0000000083b00000, 0x0000000083b00000| Untracked 
|  32|0x0000000083c00000, 0x0000000083c00000, 0x0000000083d00000|  0%| F|  |TAMS 0x0000000083c00000, 0x0000000083c00000| Untracked 
|  33|0x0000000083d00000, 0x0000000083d00000, 0x0000000083e00000|  0%| F|  |TAMS 0x0000000083d00000, 0x0000000083d00000| Untracked 
|  34|0x0000000083e00000, 0x0000000083e00000, 0x0000000083f00000|  0%| F|  |TAMS 0x0000000083e00000, 0x0000000083e00000| Untracked 
|  35|0x0000000083f00000, 0x0000000083f00000, 0x0000000084000000|  0%| F|  |TAMS 0x0000000083f00000, 0x0000000083f00000| Untracked 
|  36|0x0000000084000000, 0x0000000084000000, 0x0000000084100000|  0%| F|  |TAMS 0x0000000084000000, 0x0000000084000000| Untracked 
|  37|0x0000000084100000, 0x0000000084100000, 0x0000000084200000|  0%| F|  |TAMS 0x0000000084100000, 0x0000000084100000| Untracked 
|  38|0x0000000084200000, 0x0000000084200000, 0x0000000084300000|  0%| F|  |TAMS 0x0000000084200000, 0x0000000084200000| Untracked 
|  39|0x0000000084300000, 0x0000000084300000, 0x0000000084400000|  0%| F|  |TAMS 0x0000000084300000, 0x0000000084300000| Untracked 
|  40|0x0000000084400000, 0x0000000084400000, 0x0000000084500000|  0%| F|  |TAMS 0x0000000084400000, 0x0000000084400000| Untracked 
|  41|0x0000000084500000, 0x0000000084500000, 0x0000000084600000|  0%| F|  |TAMS 0x0000000084500000, 0x0000000084500000| Untracked 
|  42|0x0000000084600000, 0x0000000084600000, 0x0000000084700000|  0%| F|  |TAMS 0x0000000084600000, 0x0000000084600000| Untracked 
|  43|0x0000000084700000, 0x0000000084700000, 0x0000000084800000|  0%| F|  |TAMS 0x0000000084700000, 0x0000000084700000| Untracked 
|  44|0x0000000084800000, 0x0000000084800000, 0x0000000084900000|  0%| F|  |TAMS 0x0000000084800000, 0x0000000084800000| Untracked 
|  45|0x0000000084900000, 0x0000000084900000, 0x0000000084a00000|  0%| F|  |TAMS 0x0000000084900000, 0x0000000084900000| Untracked 
|  46|0x0000000084a00000, 0x0000000084a00000, 0x0000000084b00000|  0%| F|  |TAMS 0x0000000084a00000, 0x0000000084a00000| Untracked 
|  47|0x0000000084b00000, 0x0000000084b00000, 0x0000000084c00000|  0%| F|  |TAMS 0x0000000084b00000, 0x0000000084b00000| Untracked 
|  48|0x0000000084c00000, 0x0000000084c00000, 0x0000000084d00000|  0%| F|  |TAMS 0x0000000084c00000, 0x0000000084c00000| Untracked 
|  49|0x0000000084d00000, 0x0000000084d00000, 0x0000000084e00000|  0%| F|  |TAMS 0x0000000084d00000, 0x0000000084d00000| Untracked 
|  50|0x0000000084e00000, 0x0000000084e00000, 0x0000000084f00000|  0%| F|  |TAMS 0x0000000084e00000, 0x0000000084e00000| Untracked 
|  51|0x0000000084f00000, 0x0000000084f00000, 0x0000000085000000|  0%| F|  |TAMS 0x0000000084f00000, 0x0000000084f00000| Untracked 
|  52|0x0000000085000000, 0x0000000085000000, 0x0000000085100000|  0%| F|  |TAMS 0x0000000085000000, 0x0000000085000000| Untracked 
|  53|0x0000000085100000, 0x0000000085100000, 0x0000000085200000|  0%| F|  |TAMS 0x0000000085100000, 0x0000000085100000| Untracked 
|  54|0x0000000085200000, 0x0000000085200000, 0x0000000085300000|  0%| F|  |TAMS 0x0000000085200000, 0x0000000085200000| Untracked 
|  55|0x0000000085300000, 0x0000000085300000, 0x0000000085400000|  0%| F|  |TAMS 0x0000000085300000, 0x0000000085300000| Untracked 
|  56|0x0000000085400000, 0x0000000085400000, 0x0000000085500000|  0%| F|  |TAMS 0x0000000085400000, 0x0000000085400000| Untracked 
|  57|0x0000000085500000, 0x0000000085500000, 0x0000000085600000|  0%| F|  |TAMS 0x0000000085500000, 0x0000000085500000| Untracked 
|  58|0x0000000085600000, 0x0000000085600000, 0x0000000085700000|  0%| F|  |TAMS 0x0000000085600000, 0x0000000085600000| Untracked 
|  59|0x0000000085700000, 0x0000000085700000, 0x0000000085800000|  0%| F|  |TAMS 0x0000000085700000, 0x0000000085700000| Untracked 
|  60|0x0000000085800000, 0x0000000085800000, 0x0000000085900000|  0%| F|  |TAMS 0x0000000085800000, 0x0000000085800000| Untracked 
|  61|0x0000000085900000, 0x0000000085900000, 0x0000000085a00000|  0%| F|  |TAMS 0x0000000085900000, 0x0000000085900000| Untracked 
|  62|0x0000000085a00000, 0x0000000085a00000, 0x0000000085b00000|  0%| F|  |TAMS 0x0000000085a00000, 0x0000000085a00000| Untracked 
|  63|0x0000000085b00000, 0x0000000085b00000, 0x0000000085c00000|  0%| F|  |TAMS 0x0000000085b00000, 0x0000000085b00000| Untracked 
|  64|0x0000000085c00000, 0x0000000085c00000, 0x0000000085d00000|  0%| F|  |TAMS 0x0000000085c00000, 0x0000000085c00000| Untracked 
|  65|0x0000000085d00000, 0x0000000085d00000, 0x0000000085e00000|  0%| F|  |TAMS 0x0000000085d00000, 0x0000000085d00000| Untracked 
|  66|0x0000000085e00000, 0x0000000085e00000, 0x0000000085f00000|  0%| F|  |TAMS 0x0000000085e00000, 0x0000000085e00000| Untracked 
|  67|0x0000000085f00000, 0x0000000085f00000, 0x0000000086000000|  0%| F|  |TAMS 0x0000000085f00000, 0x0000000085f00000| Untracked 
|  68|0x0000000086000000, 0x0000000086000000, 0x0000000086100000|  0%| F|  |TAMS 0x0000000086000000, 0x0000000086000000| Untracked 
|  69|0x0000000086100000, 0x0000000086100000, 0x0000000086200000|  0%| F|  |TAMS 0x0000000086100000, 0x0000000086100000| Untracked 
|  70|0x0000000086200000, 0x0000000086200000, 0x0000000086300000|  0%| F|  |TAMS 0x0000000086200000, 0x0000000086200000| Untracked 
|  71|0x0000000086300000, 0x0000000086300000, 0x0000000086400000|  0%| F|  |TAMS 0x0000000086300000, 0x0000000086300000| Untracked 
|  72|0x0000000086400000, 0x0000000086400000, 0x0000000086500000|  0%| F|  |TAMS 0x0000000086400000, 0x0000000086400000| Untracked 
|  73|0x0000000086500000, 0x0000000086500000, 0x0000000086600000|  0%| F|  |TAMS 0x0000000086500000, 0x0000000086500000| Untracked 
|  74|0x0000000086600000, 0x0000000086600000, 0x0000000086700000|  0%| F|  |TAMS 0x0000000086600000, 0x0000000086600000| Untracked 
|  75|0x0000000086700000, 0x0000000086700000, 0x0000000086800000|  0%| F|  |TAMS 0x0000000086700000, 0x0000000086700000| Untracked 
|  76|0x0000000086800000, 0x0000000086800000, 0x0000000086900000|  0%| F|  |TAMS 0x0000000086800000, 0x0000000086800000| Untracked 
|  77|0x0000000086900000, 0x0000000086900000, 0x0000000086a00000|  0%| F|  |TAMS 0x0000000086900000, 0x0000000086900000| Untracked 
|  78|0x0000000086a00000, 0x0000000086a00000, 0x0000000086b00000|  0%| F|  |TAMS 0x0000000086a00000, 0x0000000086a00000| Untracked 
|  79|0x0000000086b00000, 0x0000000086b00000, 0x0000000086c00000|  0%| F|  |TAMS 0x0000000086b00000, 0x0000000086b00000| Untracked 
|  80|0x0000000086c00000, 0x0000000086c00000, 0x0000000086d00000|  0%| F|  |TAMS 0x0000000086c00000, 0x0000000086c00000| Untracked 
|  81|0x0000000086d00000, 0x0000000086d00000, 0x0000000086e00000|  0%| F|  |TAMS 0x0000000086d00000, 0x0000000086d00000| Untracked 
|  82|0x0000000086e00000, 0x0000000086e00000, 0x0000000086f00000|  0%| F|  |TAMS 0x0000000086e00000, 0x0000000086e00000| Untracked 
|  83|0x0000000086f00000, 0x0000000086f00000, 0x0000000087000000|  0%| F|  |TAMS 0x0000000086f00000, 0x0000000086f00000| Untracked 
|  84|0x0000000087000000, 0x0000000087000000, 0x0000000087100000|  0%| F|  |TAMS 0x0000000087000000, 0x0000000087000000| Untracked 
|  85|0x0000000087100000, 0x0000000087100000, 0x0000000087200000|  0%| F|  |TAMS 0x0000000087100000, 0x0000000087100000| Untracked 
|  86|0x0000000087200000, 0x0000000087200000, 0x0000000087300000|  0%| F|  |TAMS 0x0000000087200000, 0x0000000087200000| Untracked 
|  87|0x0000000087300000, 0x0000000087300000, 0x0000000087400000|  0%| F|  |TAMS 0x0000000087300000, 0x0000000087300000| Untracked 
|  88|0x0000000087400000, 0x0000000087400000, 0x0000000087500000|  0%| F|  |TAMS 0x0000000087400000, 0x0000000087400000| Untracked 
|  89|0x0000000087500000, 0x0000000087500000, 0x0000000087600000|  0%| F|  |TAMS 0x0000000087500000, 0x0000000087500000| Untracked 
|  90|0x0000000087600000, 0x0000000087600000, 0x0000000087700000|  0%| F|  |TAMS 0x0000000087600000, 0x0000000087600000| Untracked 
|  91|0x0000000087700000, 0x0000000087700000, 0x0000000087800000|  0%| F|  |TAMS 0x0000000087700000, 0x0000000087700000| Untracked 
|  92|0x0000000087800000, 0x0000000087800000, 0x0000000087900000|  0%| F|  |TAMS 0x0000000087800000, 0x0000000087800000| Untracked 
|  93|0x0000000087900000, 0x0000000087900000, 0x0000000087a00000|  0%| F|  |TAMS 0x0000000087900000, 0x0000000087900000| Untracked 
|  94|0x0000000087a00000, 0x0000000087a00000, 0x0000000087b00000|  0%| F|  |TAMS 0x0000000087a00000, 0x0000000087a00000| Untracked 
|  95|0x0000000087b00000, 0x0000000087b00000, 0x0000000087c00000|  0%| F|  |TAMS 0x0000000087b00000, 0x0000000087b00000| Untracked 
|  96|0x0000000087c00000, 0x0000000087c00000, 0x0000000087d00000|  0%| F|  |TAMS 0x0000000087c00000, 0x0000000087c00000| Untracked 
|  97|0x0000000087d00000, 0x0000000087d00000, 0x0000000087e00000|  0%| F|  |TAMS 0x0000000087d00000, 0x0000000087d00000| Untracked 
|  98|0x0000000087e00000, 0x0000000087e00000, 0x0000000087f00000|  0%| F|  |TAMS 0x0000000087e00000, 0x0000000087e00000| Untracked 
|  99|0x0000000087f00000, 0x0000000087f00000, 0x0000000088000000|  0%| F|  |TAMS 0x0000000087f00000, 0x0000000087f00000| Untracked 
| 100|0x0000000088000000, 0x0000000088000000, 0x0000000088100000|  0%| F|  |TAMS 0x0000000088000000, 0x0000000088000000| Untracked 
| 101|0x0000000088100000, 0x0000000088100000, 0x0000000088200000|  0%| F|  |TAMS 0x0000000088100000, 0x0000000088100000| Untracked 
| 102|0x0000000088200000, 0x0000000088200000, 0x0000000088300000|  0%| F|  |TAMS 0x0000000088200000, 0x0000000088200000| Untracked 
| 103|0x0000000088300000, 0x0000000088300000, 0x0000000088400000|  0%| F|  |TAMS 0x0000000088300000, 0x0000000088300000| Untracked 
| 104|0x0000000088400000, 0x0000000088400000, 0x0000000088500000|  0%| F|  |TAMS 0x0000000088400000, 0x0000000088400000| Untracked 
| 105|0x0000000088500000, 0x0000000088500000, 0x0000000088600000|  0%| F|  |TAMS 0x0000000088500000, 0x0000000088500000| Untracked 
| 106|0x0000000088600000, 0x0000000088600000, 0x0000000088700000|  0%| F|  |TAMS 0x0000000088600000, 0x0000000088600000| Untracked 
| 107|0x0000000088700000, 0x0000000088700000, 0x0000000088800000|  0%| F|  |TAMS 0x0000000088700000, 0x0000000088700000| Untracked 
| 108|0x0000000088800000, 0x0000000088800000, 0x0000000088900000|  0%| F|  |TAMS 0x0000000088800000, 0x0000000088800000| Untracked 
| 109|0x0000000088900000, 0x0000000088900000, 0x0000000088a00000|  0%| F|  |TAMS 0x0000000088900000, 0x0000000088900000| Untracked 
| 110|0x0000000088a00000, 0x0000000088a00000, 0x0000000088b00000|  0%| F|  |TAMS 0x0000000088a00000, 0x0000000088a00000| Untracked 
| 111|0x0000000088b00000, 0x0000000088b00000, 0x0000000088c00000|  0%| F|  |TAMS 0x0000000088b00000, 0x0000000088b00000| Untracked 
| 112|0x0000000088c00000, 0x0000000088c00000, 0x0000000088d00000|  0%| F|  |TAMS 0x0000000088c00000, 0x0000000088c00000| Untracked 
| 113|0x0000000088d00000, 0x0000000088d00000, 0x0000000088e00000|  0%| F|  |TAMS 0x0000000088d00000, 0x0000000088d00000| Untracked 
| 114|0x0000000088e00000, 0x0000000088e00000, 0x0000000088f00000|  0%| F|  |TAMS 0x0000000088e00000, 0x0000000088e00000| Untracked 
| 115|0x0000000088f00000, 0x0000000088f00000, 0x0000000089000000|  0%| F|  |TAMS 0x0000000088f00000, 0x0000000088f00000| Untracked 
| 116|0x0000000089000000, 0x0000000089000000, 0x0000000089100000|  0%| F|  |TAMS 0x0000000089000000, 0x0000000089000000| Untracked 
| 117|0x0000000089100000, 0x0000000089100000, 0x0000000089200000|  0%| F|  |TAMS 0x0000000089100000, 0x0000000089100000| Untracked 
| 118|0x0000000089200000, 0x0000000089200000, 0x0000000089300000|  0%| F|  |TAMS 0x0000000089200000, 0x0000000089200000| Untracked 
| 119|0x0000000089300000, 0x0000000089300000, 0x0000000089400000|  0%| F|  |TAMS 0x0000000089300000, 0x0000000089300000| Untracked 
| 120|0x0000000089400000, 0x0000000089400000, 0x0000000089500000|  0%| F|  |TAMS 0x0000000089400000, 0x0000000089400000| Untracked 
| 121|0x0000000089500000, 0x0000000089500000, 0x0000000089600000|  0%| F|  |TAMS 0x0000000089500000, 0x0000000089500000| Untracked 
| 122|0x0000000089600000, 0x0000000089600000, 0x0000000089700000|  0%| F|  |TAMS 0x0000000089600000, 0x0000000089600000| Untracked 
| 123|0x0000000089700000, 0x0000000089700000, 0x0000000089800000|  0%| F|  |TAMS 0x0000000089700000, 0x0000000089700000| Untracked 
| 124|0x0000000089800000, 0x0000000089800000, 0x0000000089900000|  0%| F|  |TAMS 0x0000000089800000, 0x0000000089800000| Untracked 
| 125|0x0000000089900000, 0x0000000089900000, 0x0000000089a00000|  0%| F|  |TAMS 0x0000000089900000, 0x0000000089900000| Untracked 
| 126|0x0000000089a00000, 0x0000000089a00000, 0x0000000089b00000|  0%| F|  |TAMS 0x0000000089a00000, 0x0000000089a00000| Untracked 
| 127|0x0000000089b00000, 0x0000000089b00000, 0x0000000089c00000|  0%| F|  |TAMS 0x0000000089b00000, 0x0000000089b00000| Untracked 
| 128|0x0000000089c00000, 0x0000000089c00000, 0x0000000089d00000|  0%| F|  |TAMS 0x0000000089c00000, 0x0000000089c00000| Untracked 
| 129|0x0000000089d00000, 0x0000000089d80800, 0x0000000089e00000| 50%| E|  |TAMS 0x0000000089d00000, 0x0000000089d00000| Complete 
| 130|0x0000000089e00000, 0x0000000089f00000, 0x0000000089f00000|100%| E|CS|TAMS 0x0000000089e00000, 0x0000000089e00000| Complete 
| 131|0x0000000089f00000, 0x000000008a000000, 0x000000008a000000|100%| E|CS|TAMS 0x0000000089f00000, 0x0000000089f00000| Complete 
| 132|0x000000008a000000, 0x000000008a100000, 0x000000008a100000|100%| E|CS|TAMS 0x000000008a000000, 0x000000008a000000| Complete 
| 133|0x000000008a100000, 0x000000008a200000, 0x000000008a200000|100%| E|CS|TAMS 0x000000008a100000, 0x000000008a100000| Complete 
| 134|0x000000008a200000, 0x000000008a300000, 0x000000008a300000|100%| E|CS|TAMS 0x000000008a200000, 0x000000008a200000| Complete 
| 135|0x000000008a300000, 0x000000008a400000, 0x000000008a400000|100%| E|CS|TAMS 0x000000008a300000, 0x000000008a300000| Complete 
| 136|0x000000008a400000, 0x000000008a500000, 0x000000008a500000|100%| E|CS|TAMS 0x000000008a400000, 0x000000008a400000| Complete 
| 137|0x000000008a500000, 0x000000008a600000, 0x000000008a600000|100%| E|CS|TAMS 0x000000008a500000, 0x000000008a500000| Complete 
| 138|0x000000008a600000, 0x000000008a700000, 0x000000008a700000|100%| E|CS|TAMS 0x000000008a600000, 0x000000008a600000| Complete 
| 139|0x000000008a700000, 0x000000008a800000, 0x000000008a800000|100%| E|CS|TAMS 0x000000008a700000, 0x000000008a700000| Complete 
| 140|0x000000008a800000, 0x000000008a900000, 0x000000008a900000|100%| E|CS|TAMS 0x000000008a800000, 0x000000008a800000| Complete 
| 141|0x000000008a900000, 0x000000008aa00000, 0x000000008aa00000|100%| E|CS|TAMS 0x000000008a900000, 0x000000008a900000| Complete 
| 142|0x000000008aa00000, 0x000000008aad1e40, 0x000000008ab00000| 81%| S|CS|TAMS 0x000000008aa00000, 0x000000008aa00000| Complete 
| 143|0x000000008ab00000, 0x000000008ac00000, 0x000000008ac00000|100%| S|CS|TAMS 0x000000008ab00000, 0x000000008ab00000| Complete 
| 144|0x000000008ac00000, 0x000000008ad00000, 0x000000008ad00000|100%| S|CS|TAMS 0x000000008ac00000, 0x000000008ac00000| Complete 
| 145|0x000000008ad00000, 0x000000008ae00000, 0x000000008ae00000|100%| S|CS|TAMS 0x000000008ad00000, 0x000000008ad00000| Complete 
| 146|0x000000008ae00000, 0x000000008af00000, 0x000000008af00000|100%| S|CS|TAMS 0x000000008ae00000, 0x000000008ae00000| Complete 
| 147|0x000000008af00000, 0x000000008b000000, 0x000000008b000000|100%| S|CS|TAMS 0x000000008af00000, 0x000000008af00000| Complete 
| 148|0x000000008b000000, 0x000000008b100000, 0x000000008b100000|100%| E|CS|TAMS 0x000000008b000000, 0x000000008b000000| Complete 
| 149|0x000000008b100000, 0x000000008b200000, 0x000000008b200000|100%| E|CS|TAMS 0x000000008b100000, 0x000000008b100000| Complete 
| 150|0x000000008b200000, 0x000000008b300000, 0x000000008b300000|100%| E|CS|TAMS 0x000000008b200000, 0x000000008b200000| Complete 
| 151|0x000000008b300000, 0x000000008b400000, 0x000000008b400000|100%| E|CS|TAMS 0x000000008b300000, 0x000000008b300000| Complete 
| 152|0x000000008b400000, 0x000000008b500000, 0x000000008b500000|100%| E|CS|TAMS 0x000000008b400000, 0x000000008b400000| Complete 
| 153|0x000000008b500000, 0x000000008b600000, 0x000000008b600000|100%| E|CS|TAMS 0x000000008b500000, 0x000000008b500000| Complete 

Card table byte_map: [0x000002236ed60000,0x000002236f160000] _byte_map_base: 0x000002236e952000

Marking Bits (Prev, Next): (CMBitMap*) 0x0000022354b3e808, (CMBitMap*) 0x0000022354b3e840
 Prev Bits: [0x000002236f560000, 0x00000223714f0000)
 Next Bits: [0x00000223714f0000, 0x0000022373480000)

Polling page: 0x0000022354c40000

Metaspace:

Usage:
  Non-class:     33.80 MB capacity,    33.24 MB ( 98%) used,   449.99 KB (  1%) free+waste,   126.44 KB ( <1%) overhead. 
      Class:      4.75 MB capacity,     4.34 MB ( 91%) used,   358.88 KB (  7%) free+waste,    60.06 KB (  1%) overhead. 
       Both:     38.55 MB capacity,    37.58 MB ( 97%) used,   808.88 KB (  2%) free+waste,   186.50 KB ( <1%) overhead. 

Virtual space:
  Non-class space:       36.00 MB reserved,      34.00 MB ( 94%) committed 
      Class space:        1.00 GB reserved,       4.88 MB ( <1%) committed 
             Both:        1.04 GB reserved,      38.88 MB (  4%) committed 

Chunk freelists:
   Non-Class:  9.00 KB
       Class:  5.00 KB
        Both:  14.00 KB

MaxMetaspaceSize: 17179869184.00 GB
CompressedClassSpaceSize: 1.00 GB

CodeHeap 'non-profiled nmethods': size=120000Kb used=1764Kb max_used=1764Kb free=118236Kb
 bounds [0x00000223670e0000, 0x0000022367350000, 0x000002236e610000]
CodeHeap 'profiled nmethods': size=120000Kb used=7745Kb max_used=7745Kb free=112254Kb
 bounds [0x000002235fbb0000, 0x0000022360350000, 0x00000223670e0000]
CodeHeap 'non-nmethods': size=5760Kb used=1153Kb max_used=1178Kb free=4606Kb
 bounds [0x000002235f610000, 0x000002235f880000, 0x000002235fbb0000]
 total_blobs=3939 nmethods=3448 adapters=402
 compilation: enabled
              stopped_count=0, restarted_count=0
 full_count=0

Compilation events (20 events):
Event: 5.292 Thread 0x0000022376879000 3444       4       java.lang.AbstractStringBuilder::append (55 bytes)
Event: 5.293 Thread 0x000002237a7f1800 nmethod 3381 0x000002236728ef90 code [0x000002236728f480, 0x0000022367293518]
Event: 5.295 Thread 0x000002237687c800 nmethod 3447 0x0000022360334890 code [0x0000022360334d00, 0x00000223603378e8]
Event: 5.296 Thread 0x000002237687c800 3448   !   3       java.lang.ClassLoader::checkCerts (195 bytes)
Event: 5.298 Thread 0x000002237687c800 nmethod 3448 0x0000022360338a90 code [0x0000022360338e00, 0x000002236033a4a8]
Event: 5.298 Thread 0x000002237687c800 3449       3       java.lang.ClassLoader::getNamedPackage (73 bytes)
Event: 5.298 Thread 0x000002237a7f1800 3450       4       sun.net.www.ParseUtil::firstEncodeIndex (86 bytes)
Event: 5.299 Thread 0x000002237687c800 nmethod 3449 0x000002236033ac90 code [0x000002236033aea0, 0x000002236033b4a8]
Event: 5.303 Thread 0x000002237a7f1800 nmethod 3450 0x0000022367295b90 code [0x0000022367295d40, 0x0000022367295f28]
Event: 5.312 Thread 0x0000022376879000 nmethod 3444 0x0000022367296110 code [0x00000223672962e0, 0x0000022367296ce8]
Event: 5.316 Thread 0x000002237a7f1800 3451       4       sun.net.www.ParseUtil::encodePath (41 bytes)
Event: 5.317 Thread 0x0000022379c96000 nmethod 3446 0x0000022367297110 code [0x00000223672972e0, 0x0000022367297e18]
Event: 5.321 Thread 0x0000022376879000 3453       4       java.lang.invoke.MethodType::makeImpl (108 bytes)
Event: 5.321 Thread 0x000002237a7f1800 nmethod 3451 0x0000022367298890 code [0x0000022367298a40, 0x0000022367298c08]
Event: 5.355 Thread 0x000002237687c800 3455       3       jdk.internal.loader.BuiltinClassLoader::getAndVerifyPackage (109 bytes)
Event: 5.357 Thread 0x000002237687c800 nmethod 3455 0x000002236033b690 code [0x000002236033ba80, 0x000002236033d4c8]
Event: 5.357 Thread 0x000002237687c800 3456       3       java.lang.ClassLoader::getDefinedPackage (35 bytes)
Event: 5.358 Thread 0x000002237687c800 nmethod 3456 0x000002236033dd90 code [0x000002236033dfa0, 0x000002236033e568]
Event: 5.358 Thread 0x000002237687c800 3457       3       java.lang.ClassLoader::definePackage (84 bytes)
Event: 5.359 Thread 0x000002237687c800 nmethod 3457 0x000002236033e710 code [0x000002236033ea20, 0x000002236033fbd8]

GC Heap History (12 events):
Event: 0.909 GC heap before
{Heap before GC invocations=0 (full 0):
 garbage-first heap   total 131072K, used 24576K [0x0000000081c00000, 0x0000000100000000)
  region size 1024K, 24 young (24576K), 0 survivors (0K)
 Metaspace       used 12199K, capacity 12466K, committed 12672K, reserved 1060864K
  class space    used 1202K, capacity 1291K, committed 1408K, reserved 1048576K
}
Event: 0.917 GC heap after
{Heap after GC invocations=1 (full 0):
 garbage-first heap   total 131072K, used 6422K [0x0000000081c00000, 0x0000000100000000)
  region size 1024K, 3 young (3072K), 3 survivors (3072K)
 Metaspace       used 12199K, capacity 12466K, committed 12672K, reserved 1060864K
  class space    used 1202K, capacity 1291K, committed 1408K, reserved 1048576K
}
Event: 1.686 GC heap before
{Heap before GC invocations=1 (full 0):
 garbage-first heap   total 131072K, used 43286K [0x0000000081c00000, 0x0000000100000000)
  region size 1024K, 41 young (41984K), 3 survivors (3072K)
 Metaspace       used 20631K, capacity 21127K, committed 21248K, reserved 1069056K
  class space    used 2236K, capacity 2444K, committed 2560K, reserved 1048576K
}
Event: 1.694 GC heap after
{Heap after GC invocations=2 (full 0):
 garbage-first heap   total 131072K, used 8444K [0x0000000081c00000, 0x0000000100000000)
  region size 1024K, 5 young (5120K), 5 survivors (5120K)
 Metaspace       used 20631K, capacity 21127K, committed 21248K, reserved 1069056K
  class space    used 2236K, capacity 2444K, committed 2560K, reserved 1048576K
}
Event: 1.934 GC heap before
{Heap before GC invocations=3 (full 0):
 garbage-first heap   total 131072K, used 52476K [0x0000000081c00000, 0x0000000100000000)
  region size 1024K, 49 young (50176K), 5 survivors (5120K)
 Metaspace       used 24070K, capacity 24628K, committed 24704K, reserved 1071104K
  class space    used 2701K, capacity 2933K, committed 2944K, reserved 1048576K
}
Event: 1.944 GC heap after
{Heap after GC invocations=4 (full 0):
 garbage-first heap   total 131072K, used 9348K [0x0000000081c00000, 0x0000000100000000)
  region size 1024K, 3 young (3072K), 3 survivors (3072K)
 Metaspace       used 24070K, capacity 24628K, committed 24704K, reserved 1071104K
  class space    used 2701K, capacity 2933K, committed 2944K, reserved 1048576K
}
Event: 3.051 GC heap before
{Heap before GC invocations=4 (full 0):
 garbage-first heap   total 131072K, used 67716K [0x0000000081c00000, 0x0000000100000000)
  region size 1024K, 61 young (62464K), 3 survivors (3072K)
 Metaspace       used 28533K, capacity 29298K, committed 29440K, reserved 1075200K
  class space    used 3246K, capacity 3584K, committed 3584K, reserved 1048576K
}
Event: 3.062 GC heap after
{Heap after GC invocations=5 (full 0):
 garbage-first heap   total 131072K, used 11289K [0x0000000081c00000, 0x0000000100000000)
  region size 1024K, 5 young (5120K), 5 survivors (5120K)
 Metaspace       used 28533K, capacity 29298K, committed 29440K, reserved 1075200K
  class space    used 3246K, capacity 3584K, committed 3584K, reserved 1048576K
}
Event: 4.874 GC heap before
{Heap before GC invocations=5 (full 0):
 garbage-first heap   total 131072K, used 82969K [0x0000000081c00000, 0x0000000100000000)
  region size 1024K, 76 young (77824K), 5 survivors (5120K)
 Metaspace       used 34562K, capacity 35592K, committed 35712K, reserved 1081344K
  class space    used 4010K, capacity 4438K, committed 4480K, reserved 1048576K
}
Event: 4.891 GC heap after
{Heap after GC invocations=6 (full 0):
 garbage-first heap   total 157696K, used 13940K [0x0000000081c00000, 0x0000000100000000)
  region size 1024K, 8 young (8192K), 8 survivors (8192K)
 Metaspace       used 34562K, capacity 35592K, committed 35712K, reserved 1081344K
  class space    used 4010K, capacity 4438K, committed 4480K, reserved 1048576K
}
Event: 4.983 GC heap before
{Heap before GC invocations=6 (full 0):
 garbage-first heap   total 157696K, used 19060K [0x0000000081c00000, 0x0000000100000000)
  region size 1024K, 14 young (14336K), 8 survivors (8192K)
 Metaspace       used 34834K, capacity 35822K, committed 35840K, reserved 1081344K
  class space    used 4039K, capacity 4472K, committed 4480K, reserved 1048576K
}
Event: 5.004 GC heap after
{Heap after GC invocations=7 (full 0):
 garbage-first heap   total 157696K, used 14146K [0x0000000081c00000, 0x0000000100000000)
  region size 1024K, 6 young (6144K), 6 survivors (6144K)
 Metaspace       used 34834K, capacity 35822K, committed 35840K, reserved 1081344K
  class space    used 4039K, capacity 4472K, committed 4480K, reserved 1048576K
}

Deoptimization events (20 events):
Event: 5.052 Thread 0x0000022356c84800 DEOPT PACKING pc=0x00000223671fd920 sp=0x000000ffbe3fbb90
Event: 5.052 Thread 0x0000022356c84800 DEOPT UNPACKING pc=0x000002235f63662f sp=0x000000ffbe3fbb30 mode 2
Event: 5.082 Thread 0x0000022356c84800 Uncommon trap: trap_request=0xffffff7e fr.pc=0x0000022367276c54 relative=0x0000000000000394
Event: 5.082 Thread 0x0000022356c84800 Uncommon trap: reason=predicate action=maybe_recompile pc=0x0000022367276c54 method=java.util.AbstractCollection.toArray([Ljava/lang/Object;)[Ljava/lang/Object; @ 43 c2
Event: 5.082 Thread 0x0000022356c84800 DEOPT PACKING pc=0x0000022367276c54 sp=0x000000ffbe3faa20
Event: 5.082 Thread 0x0000022356c84800 DEOPT UNPACKING pc=0x000002235f63662f sp=0x000000ffbe3fa9b8 mode 2
Event: 5.157 Thread 0x0000022356c84800 DEOPT PACKING pc=0x000002236020ccb0 sp=0x000000ffbe3fba70
Event: 5.157 Thread 0x0000022356c84800 DEOPT UNPACKING pc=0x000002235f636dde sp=0x000000ffbe3faf88 mode 0
Event: 5.242 Thread 0x0000022356c84800 Uncommon trap: trap_request=0xffffffbe fr.pc=0x000002236727ee3c relative=0x00000000000008dc
Event: 5.242 Thread 0x0000022356c84800 Uncommon trap: reason=profile_predicate action=maybe_recompile pc=0x000002236727ee3c method=java.lang.PublicMethods$MethodList.filter([Ljava/lang/reflect/Method;Ljava/lang/String;[Ljava/lang/Class;Z)Ljava/lang/PublicMethods$MethodList; @ 21 c2
Event: 5.242 Thread 0x0000022356c84800 DEOPT PACKING pc=0x000002236727ee3c sp=0x000000ffbe3fc290
Event: 5.242 Thread 0x0000022356c84800 DEOPT UNPACKING pc=0x000002235f63662f sp=0x000000ffbe3fc248 mode 2
Event: 5.250 Thread 0x0000022356c84800 DEOPT PACKING pc=0x000002236722c468 sp=0x000000ffbe3f9a10
Event: 5.250 Thread 0x0000022356c84800 DEOPT UNPACKING pc=0x000002235f636dde sp=0x000000ffbe3f8f68 mode 0
Event: 5.254 Thread 0x0000022356c84800 Uncommon trap: trap_request=0xffffff4d fr.pc=0x000002236718396c relative=0x0000000000000a0c
Event: 5.254 Thread 0x0000022356c84800 Uncommon trap: reason=unstable_if action=reinterpret pc=0x000002236718396c method=java.util.zip.ZipFile$Source.getEntryPos([BZ)I @ 68 c2
Event: 5.254 Thread 0x0000022356c84800 DEOPT PACKING pc=0x000002236718396c sp=0x000000ffbe3f96f0
Event: 5.254 Thread 0x0000022356c84800 DEOPT UNPACKING pc=0x000002235f63662f sp=0x000000ffbe3f9690 mode 2
Event: 5.298 Thread 0x0000022356c84800 DEOPT PACKING pc=0x000002236020ccb0 sp=0x000000ffbe3f9ca0
Event: 5.298 Thread 0x0000022356c84800 DEOPT UNPACKING pc=0x000002235f636dde sp=0x000000ffbe3f91b8 mode 0

Classes redefined (0 events):
No events

Internal exceptions (20 events):
Event: 3.290 Thread 0x0000022356c84800 Exception <a 'java/lang/ClassNotFoundException'{0x00000000893b4b50}: org/springframework/beans/factory/BeanClassLoaderAwareCustomizer> (0x00000000893b4b50) thrown at [./src/hotspot/share/classfile/systemDictionary.cpp, line 234]
Event: 3.290 Thread 0x0000022356c84800 Exception <a 'java/lang/ClassNotFoundException'{0x00000000893c0748}: org/springframework/beans/factory/AwareCustomizer> (0x00000000893c0748) thrown at [./src/hotspot/share/classfile/systemDictionary.cpp, line 234]
Event: 3.291 Thread 0x0000022356c84800 Exception <a 'java/lang/ClassNotFoundException'{0x00000000893cce30}: org/springframework/aop/framework/AopInfrastructureBeanCustomizer> (0x00000000893cce30) thrown at [./src/hotspot/share/classfile/systemDictionary.cpp, line 234]
Event: 3.377 Thread 0x0000022356c84800 Exception <a 'java/lang/ClassNotFoundException'{0x00000000890e07a0}: java/lang/ObjectCustomizer> (0x00000000890e07a0) thrown at [./src/hotspot/share/classfile/systemDictionary.cpp, line 234]
Event: 3.378 Thread 0x0000022356c84800 Exception <a 'java/lang/ClassNotFoundException'{0x00000000890f3378}: org/springframework/transaction/annotation/AbstractTransactionManagementConfigurationCustomizer> (0x00000000890f3378) thrown at [./src/hotspot/share/classfile/systemDictionary.cpp, line 234]
Event: 3.379 Thread 0x0000022356c84800 Exception <a 'java/lang/ClassNotFoundException'{0x0000000088f05490}: org/springframework/transaction/annotation/ProxyTransactionManagementConfigurationCustomizer> (0x0000000088f05490) thrown at [./src/hotspot/share/classfile/systemDictionary.cpp, line 234]
Event: 3.380 Thread 0x0000022356c84800 Exception <a 'java/lang/ClassNotFoundException'{0x0000000088f15770}: org/springframework/context/annotation/ImportAwareCustomizer> (0x0000000088f15770) thrown at [./src/hotspot/share/classfile/systemDictionary.cpp, line 234]
Event: 3.382 Thread 0x0000022356c84800 Exception <a 'java/lang/ClassNotFoundException'{0x0000000088f21798}: org/springframework/beans/factory/AwareCustomizer> (0x0000000088f21798) thrown at [./src/hotspot/share/classfile/systemDictionary.cpp, line 234]
Event: 3.460 Thread 0x0000022356c84800 Exception <a 'java/lang/NoSuchMethodError'{0x0000000088da0988}: 'java.lang.Object java.lang.invoke.DirectMethodHandle$Holder.invokeSpecialIFC(java.lang.Object, java.lang.Object, java.lang.Object)'> (0x0000000088da0988) thrown at [./src/hotspot/share/interpreter/linkResolver.cpp, line 773]
Event: 3.566 Thread 0x0000022356c84800 Exception <a 'java/lang/NoSuchMethodError'{0x0000000088b774a0}: 'int java.lang.invoke.DirectMethodHandle$Holder.invokeSpecial(java.lang.Object, java.lang.Object, java.lang.Object, java.lang.Object, java.lang.Object)'> (0x0000000088b774a0) thrown at [./src/hotspot/share/interpreter/linkResolver.cpp, line 773]
Event: 3.691 Thread 0x0000022356c84800 Exception <a 'java/lang/NoSuchMethodError'{0x000000008886b210}: 'void java.lang.invoke.DirectMethodHandle$Holder.invokeInterface(java.lang.Object, java.lang.Object, int)'> (0x000000008886b210) thrown at [./src/hotspot/share/interpreter/linkResolver.cpp, line 773]
Event: 3.694 Thread 0x0000022356c84800 Exception <a 'java/lang/NoSuchMethodError'{0x0000000088883858}: 'int java.lang.invoke.DirectMethodHandle$Holder.invokeVirtual(java.lang.Object, java.lang.Object)'> (0x0000000088883858) thrown at [./src/hotspot/share/interpreter/linkResolver.cpp, line 773]
Event: 3.702 Thread 0x0000022356c84800 Exception <a 'java/lang/IncompatibleClassChangeError'{0x00000000888b9a08}: Found class java.lang.Object, but interface was expected> (0x00000000888b9a08) thrown at [./src/hotspot/share/interpreter/linkResolver.cpp, line 839]
Event: 3.703 Thread 0x0000022356c84800 Exception <a 'java/lang/NoSuchMethodError'{0x00000000888be8b0}: 'void java.lang.invoke.DirectMethodHandle$Holder.invokeStatic(java.lang.Object, int, java.lang.Object)'> (0x00000000888be8b0) thrown at [./src/hotspot/share/interpreter/linkResolver.cpp, line 773]
Event: 3.904 Thread 0x0000022356c84800 Exception <a 'java/lang/NoSuchMethodError'{0x000000008837d0e0}: 'java.lang.Object java.lang.invoke.DirectMethodHandle$Holder.invokeStaticInit(java.lang.Object, int, int, int, int)'> (0x000000008837d0e0) thrown at [./src/hotspot/share/interpreter/linkResolver.cpp, line 773]
Event: 4.564 Thread 0x0000022356c84800 Exception <a 'java/lang/NoSuchMethodError'{0x00000000883d2e58}: 'java.lang.Object java.lang.invoke.DirectMethodHandle$Holder.invokeStaticInit(java.lang.Object, java.lang.Object, int, int, int, int)'> (0x00000000883d2e58) thrown at [./src/hotspot/share/interpreter/linkResolver.cpp, line 773]
Event: 4.838 Thread 0x0000022356c84800 Implicit null exception at 0x00000223671adb74 to 0x00000223671af738
Event: 4.968 Thread 0x0000022356c84800 Exception <a 'java/io/FileNotFoundException'{0x000000008b1c6f80}> (0x000000008b1c6f80) thrown at [./src/hotspot/share/prims/jni.cpp, line 615]
Event: 5.044 Thread 0x0000022356c84800 Exception <a 'java/lang/NoSuchMethodError'{0x000000008b462240}: 'int java.lang.invoke.DirectMethodHandle$Holder.invokeInterface(java.lang.Object, java.lang.Object, java.lang.Object, java.lang.Object)'> (0x000000008b462240) thrown at [./src/hotspot/share/interpreter/linkResolver.cpp, line 773]
Event: 5.052 Thread 0x0000022356c84800 Implicit null exception at 0x00000223671fd6da to 0x00000223671fd90c

Events (20 events):
Event: 5.368 loading class org/h2/mvstore/MVMap$Decision
Event: 5.368 loading class org/h2/mvstore/MVMap$Decision done
Event: 5.369 loading class org/h2/mvstore/MVMap$4
Event: 5.369 loading class org/h2/mvstore/MVMap$4 done
Event: 5.369 loading class org/h2/mvstore/tx/VersionedValueType
Event: 5.369 loading class org/h2/mvstore/tx/VersionedValueType done
Event: 5.369 loading class org/h2/mvstore/tx/TransactionStore$ArrayType
Event: 5.369 loading class org/h2/mvstore/tx/TransactionStore$ArrayType done
Event: 5.370 loading class org/h2/mvstore/Cursor
Event: 5.370 loading class org/h2/mvstore/Cursor done
Event: 5.370 loading class org/h2/engine/User
Event: 5.370 loading class org/h2/engine/User done
Event: 5.371 loading class org/h2/engine/RightOwner
Event: 5.371 loading class org/h2/engine/RightOwner done
Event: 5.371 loading class org/h2/schema/Schema
Event: 5.371 loading class org/h2/schema/Schema done
Event: 5.372 loading class org/h2/pagestore/db/PageStoreTable
Event: 5.372 loading class org/h2/pagestore/db/PageStoreTable done
Event: 5.373 loading class org/h2/engine/Role
Event: 5.373 loading class org/h2/engine/Role done


Dynamic libraries:
0x00007ff651610000 - 0x00007ff65161d000 	C:\Program Files\Java\zulu11.48.21-ca-jdk11.0.11-win_x64\bin\java.exe
0x00007ffd64ca0000 - 0x00007ffd64ea9000 	C:\WINDOWS\SYSTEM32\ntdll.dll
0x00007ffd232f0000 - 0x00007ffd23306000 	C:\Program Files\Avast Software\Avast\aswhook.dll
0x00007ffd63290000 - 0x00007ffd6334d000 	C:\WINDOWS\System32\KERNEL32.DLL
0x00007ffd624f0000 - 0x00007ffd62864000 	C:\WINDOWS\System32\KERNELBASE.dll
0x00007ffd62870000 - 0x00007ffd62981000 	C:\WINDOWS\System32\ucrtbase.dll
0x00007ffd51fd0000 - 0x00007ffd51fe7000 	C:\Program Files\Java\zulu11.48.21-ca-jdk11.0.11-win_x64\bin\jli.dll
0x00007ffd4c000000 - 0x00007ffd4c015000 	C:\Program Files\Java\zulu11.48.21-ca-jdk11.0.11-win_x64\bin\VCRUNTIME140.dll
0x00007ffd64360000 - 0x00007ffd6450c000 	C:\WINDOWS\System32\USER32.dll
0x00007ffd623a0000 - 0x00007ffd623c6000 	C:\WINDOWS\System32\win32u.dll
0x00007ffd48a50000 - 0x00007ffd48cf5000 	C:\WINDOWS\WinSxS\amd64_microsoft.windows.common-controls_6595b64144ccf1df_6.0.22000.120_none_9d947278b86cc467\COMCTL32.dll
0x00007ffd630c0000 - 0x00007ffd630e9000 	C:\WINDOWS\System32\GDI32.dll
0x00007ffd62fb0000 - 0x00007ffd63053000 	C:\WINDOWS\System32\msvcrt.dll
0x00007ffd623d0000 - 0x00007ffd624e2000 	C:\WINDOWS\System32\gdi32full.dll
0x00007ffd62190000 - 0x00007ffd6222d000 	C:\WINDOWS\System32\msvcp_win.dll
0x00007ffd63350000 - 0x00007ffd63381000 	C:\WINDOWS\System32\IMM32.DLL
0x00007ffd25e00000 - 0x00007ffd25e9b000 	C:\Program Files\Java\zulu11.48.21-ca-jdk11.0.11-win_x64\bin\msvcp140.dll
0x00007ffcf5220000 - 0x00007ffcf5d6e000 	C:\Program Files\Java\zulu11.48.21-ca-jdk11.0.11-win_x64\bin\server\jvm.dll
0x00007ffd63d40000 - 0x00007ffd63dee000 	C:\WINDOWS\System32\ADVAPI32.dll
0x00007ffd64570000 - 0x00007ffd6460e000 	C:\WINDOWS\System32\sechost.dll
0x00007ffd63df0000 - 0x00007ffd63f10000 	C:\WINDOWS\System32\RPCRT4.dll
0x00007ffd642d0000 - 0x00007ffd642d8000 	C:\WINDOWS\System32\PSAPI.DLL
0x00007ffd4d900000 - 0x00007ffd4d909000 	C:\WINDOWS\SYSTEM32\WSOCK32.dll
0x00007ffd5be70000 - 0x00007ffd5bea3000 	C:\WINDOWS\SYSTEM32\WINMM.dll
0x00007ffd63520000 - 0x00007ffd6358f000 	C:\WINDOWS\System32\WS2_32.dll
0x00007ffd5b860000 - 0x00007ffd5b86a000 	C:\WINDOWS\SYSTEM32\VERSION.dll
0x00007ffd61310000 - 0x00007ffd61328000 	C:\WINDOWS\SYSTEM32\kernel.appcore.dll
0x00007ffd52390000 - 0x00007ffd523a0000 	C:\Program Files\Java\zulu11.48.21-ca-jdk11.0.11-win_x64\bin\verify.dll
0x00007ffd5fe30000 - 0x00007ffd60051000 	C:\WINDOWS\SYSTEM32\DBGHELP.DLL
0x00007ffd52930000 - 0x00007ffd52961000 	C:\WINDOWS\SYSTEM32\dbgcore.DLL
0x00007ffd62a00000 - 0x00007ffd62a7f000 	C:\WINDOWS\System32\bcryptPrimitives.dll
0x00007ffd3b0a0000 - 0x00007ffd3b0c8000 	C:\Program Files\Java\zulu11.48.21-ca-jdk11.0.11-win_x64\bin\java.dll
0x00007ffd51fc0000 - 0x00007ffd51fca000 	C:\Program Files\Java\zulu11.48.21-ca-jdk11.0.11-win_x64\bin\jimage.dll
0x00007ffd4f370000 - 0x00007ffd4f37e000 	C:\Program Files\Java\zulu11.48.21-ca-jdk11.0.11-win_x64\bin\instrument.dll
0x00007ffd4b450000 - 0x00007ffd4b467000 	C:\Program Files\Java\zulu11.48.21-ca-jdk11.0.11-win_x64\bin\zip.dll
0x00007ffd63590000 - 0x00007ffd63d3e000 	C:\WINDOWS\System32\SHELL32.dll
0x00007ffd602c0000 - 0x00007ffd60b28000 	C:\WINDOWS\SYSTEM32\windows.storage.dll
0x00007ffd648d0000 - 0x00007ffd64c48000 	C:\WINDOWS\System32\combase.dll
0x00007ffd60150000 - 0x00007ffd602b6000 	C:\WINDOWS\SYSTEM32\wintypes.dll
0x00007ffd64040000 - 0x00007ffd6412a000 	C:\WINDOWS\System32\SHCORE.dll
0x00007ffd63060000 - 0x00007ffd630bd000 	C:\WINDOWS\System32\shlwapi.dll
0x00007ffd620c0000 - 0x00007ffd620e1000 	C:\WINDOWS\SYSTEM32\profapi.dll
0x00007ffd424a0000 - 0x00007ffd424b9000 	C:\Program Files\Java\zulu11.48.21-ca-jdk11.0.11-win_x64\bin\net.dll
0x00007ffd5bd60000 - 0x00007ffd5be6c000 	C:\WINDOWS\SYSTEM32\WINHTTP.dll
0x00007ffd617b0000 - 0x00007ffd61817000 	C:\WINDOWS\system32\mswsock.dll
0x00007ffd399a0000 - 0x00007ffd399b2000 	C:\Program Files\Java\zulu11.48.21-ca-jdk11.0.11-win_x64\bin\nio.dll
0x00007ffd36930000 - 0x00007ffd3694a000 	C:\Users\wesle\AppData\Local\JetBrains\Toolbox\apps\IDEA-C\ch-0\202.8194.7\bin\breakgen64.dll
0x00007ffd4f0a0000 - 0x00007ffd4f0a9000 	C:\Program Files\Java\zulu11.48.21-ca-jdk11.0.11-win_x64\bin\management.dll
0x00007ffd4e180000 - 0x00007ffd4e18b000 	C:\Program Files\Java\zulu11.48.21-ca-jdk11.0.11-win_x64\bin\management_ext.dll
0x00007ffd2aa50000 - 0x00007ffd2aa67000 	C:\WINDOWS\system32\napinsp.dll
0x00007ffd2aa70000 - 0x00007ffd2aa8b000 	C:\WINDOWS\system32\pnrpnsp.dll
0x00007ffd60e40000 - 0x00007ffd60f27000 	C:\WINDOWS\SYSTEM32\DNSAPI.dll
0x00007ffd60dc0000 - 0x00007ffd60ded000 	C:\WINDOWS\SYSTEM32\IPHLPAPI.DLL
0x00007ffd64020000 - 0x00007ffd64029000 	C:\WINDOWS\System32\NSI.dll
0x00007ffd2aa90000 - 0x00007ffd2aaa2000 	C:\WINDOWS\System32\winrnr.dll
0x00007ffd2aab0000 - 0x00007ffd2aac5000 	C:\WINDOWS\system32\wshbth.dll
0x00007ffd2e550000 - 0x00007ffd2e56f000 	C:\WINDOWS\system32\nlansp_c.dll
0x00007ffd52b00000 - 0x00007ffd52b0a000 	C:\Windows\System32\rasadhlp.dll
0x00007ffd5a5d0000 - 0x00007ffd5a651000 	C:\WINDOWS\System32\fwpuclnt.dll
0x00007ffd61a00000 - 0x00007ffd61a18000 	C:\WINDOWS\SYSTEM32\CRYPTSP.dll
0x00007ffd61260000 - 0x00007ffd61295000 	C:\WINDOWS\system32\rsaenh.dll
0x00007ffd618a0000 - 0x00007ffd618c9000 	C:\WINDOWS\SYSTEM32\USERENV.dll
0x00007ffd61b70000 - 0x00007ffd61b97000 	C:\WINDOWS\SYSTEM32\bcrypt.dll
0x00007ffd619f0000 - 0x00007ffd619fc000 	C:\WINDOWS\SYSTEM32\CRYPTBASE.dll
0x00007ffd5baa0000 - 0x00007ffd5bab9000 	C:\WINDOWS\SYSTEM32\dhcpcsvc6.DLL
0x00007ffd5ca40000 - 0x00007ffd5ca5e000 	C:\WINDOWS\SYSTEM32\dhcpcsvc.DLL

dbghelp: loaded successfully - version: 4.0.5 - missing functions: none
symbol engine: initialized successfully - sym options: 0x614 - pdb path: .;C:\Program Files\Java\zulu11.48.21-ca-jdk11.0.11-win_x64\bin;C:\WINDOWS\SYSTEM32;C:\Program Files\Avast Software\Avast;C:\WINDOWS\WinSxS\amd64_microsoft.windows.common-controls_6595b64144ccf1df_6.0.22000.120_none_9d947278b86cc467;C:\Program Files\Java\zulu11.48.21-ca-jdk11.0.11-win_x64\bin\server;C:\Users\wesle\AppData\Local\JetBrains\Toolbox\apps\IDEA-C\ch-0\202.8194.7\bin

VM Arguments:
jvm_args: -javaagent:C:\Users\wesle\AppData\Local\JetBrains\Toolbox\apps\IDEA-C\ch-0\202.8194.7\lib\idea_rt.jar=55336:C:\Users\wesle\AppData\Local\JetBrains\Toolbox\apps\IDEA-C\ch-0\202.8194.7\bin -Dfile.encoding=UTF-8 
java_command: com.devsuperior.dscatalog.DscatalogApplication
java_class_path (initial): C:\ws bootcamp\dscatalog\back-end\target\classes;C:\Users\wesle\.m2\repository\org\springframework\boot\spring-boot-starter-data-jpa\2.4.5\spring-boot-starter-data-jpa-2.4.5.jar;C:\Users\wesle\.m2\repository\org\springframework\boot\spring-boot-starter-aop\2.4.5\spring-boot-starter-aop-2.4.5.jar;C:\Users\wesle\.m2\repository\org\springframework\spring-aop\5.3.6\spring-aop-5.3.6.jar;C:\Users\wesle\.m2\repository\org\aspectj\aspectjweaver\1.9.6\aspectjweaver-1.9.6.jar;C:\Users\wesle\.m2\repository\org\springframework\boot\spring-boot-starter-jdbc\2.4.5\spring-boot-starter-jdbc-2.4.5.jar;C:\Users\wesle\.m2\repository\com\zaxxer\HikariCP\3.4.5\HikariCP-3.4.5.jar;C:\Users\wesle\.m2\repository\org\springframework\spring-jdbc\5.3.6\spring-jdbc-5.3.6.jar;C:\Users\wesle\.m2\repository\jakarta\transaction\jakarta.transaction-api\1.3.3\jakarta.transaction-api-1.3.3.jar;C:\Users\wesle\.m2\repository\jakarta\persistence\jakarta.persistence-api\2.2.3\jakarta.persistence-api-2.2.3.jar;C:\Users\wesle\.m2\repository\org\hibernate\hibernate-core\5.4.30.Final\hibernate-core-5.4.30.Final.jar;C:\Users\wesle\.m2\repository\org\jboss\logging\jboss-logging\3.4.1.Final\jboss-logging-3.4.1.Final.jar;C:\Users\wesle\.m2\repository\org\javassist\javassist\3.27.0-GA\javassist-3.27.0-GA.jar;C:\Users\wesle\.m2\repository\net\bytebuddy\byte-buddy\1.10.22\byte-buddy-1.10.22.jar;C:\Users\wesle\.m2\repository\antlr\antlr\2.7.7\antlr-2.7.7.jar;C:\Users\wesle\.m2\repository\org\jboss\jandex\2.2.3.Final\jandex-2.2.3.Final.jar;C:\Users\wesle\.m2\repository\com\fasterxml\classmate\1.5.1\classmate-1.5.1.jar;C:\Users\wesle\.m2\repository\org\dom4j\dom4j\2.1.3\dom4j-2.1.3.jar;C:\Users\wesle\.m2\repository\org\hibernate\common\hibernate-commons-annotations\5.1.2.Final\hibernate-commons-annotations-5.1.2.Final.jar;C:\Users\wesle\.m2\repository\org\glassfish\jaxb\jaxb-runtime\2.3.4\jaxb-runtime-2.3.4.jar;C:\Users\wesle\.m2\repository\org\glassfish\jaxb\txw2\2.3.4\txw2-2.3.4.jar;C:\Us
Launcher Type: SUN_STANDARD

[Global flags]
     intx CICompilerCount                          = 4                                         {product} {ergonomic}
     uint ConcGCThreads                            = 2                                         {product} {ergonomic}
     uint G1ConcRefinementThreads                  = 8                                         {product} {ergonomic}
   size_t G1HeapRegionSize                         = 1048576                                   {product} {ergonomic}
    uintx GCDrainStackTargetSize                   = 64                                        {product} {ergonomic}
   size_t InitialHeapSize                          = 134217728                                 {product} {ergonomic}
   size_t MarkStackSize                            = 4194304                                   {product} {ergonomic}
   size_t MaxHeapSize                              = 2118123520                                {product} {ergonomic}
   size_t MaxNewSize                               = 1270874112                                {product} {ergonomic}
   size_t MinHeapDeltaBytes                        = 1048576                                   {product} {ergonomic}
    uintx NonNMethodCodeHeapSize                   = 5836300                                {pd product} {ergonomic}
    uintx NonProfiledCodeHeapSize                  = 122910970                              {pd product} {ergonomic}
    uintx ProfiledCodeHeapSize                     = 122910970                              {pd product} {ergonomic}
    uintx ReservedCodeCacheSize                    = 251658240                              {pd product} {ergonomic}
     bool SegmentedCodeCache                       = true                                      {product} {ergonomic}
     bool UseCompressedClassPointers               = true                                 {lp64_product} {ergonomic}
     bool UseCompressedOops                        = true                                 {lp64_product} {ergonomic}
     bool UseG1GC                                  = true                                      {product} {ergonomic}
     bool UseLargePagesIndividualAllocation        = false                                  {pd product} {ergonomic}

Logging:
Log output configuration:
 #0: stdout all=warning uptime,level,tags
 #1: stderr all=off uptime,level,tags

Environment Variables:
JAVA_HOME=C:\Program Files\Java\zulu11.48.21-ca-jdk11.0.11-win_x64
PATH=C:\Python39\Scripts\;C:\Python39\;C:\Program Files\Java\zulu11.48.21-ca-jdk11.0.11-win_x64\bin;C:\WINDOWS\system32;C:\WINDOWS;C:\WINDOWS\System32\Wbem;C:\WINDOWS\System32\WindowsPowerShell\v1.0\;C:\WINDOWS\System32\OpenSSH\;C:\Program Files\Git\cmd;C:\Program Files\Microsoft SQL Server\Client SDK\ODBC\170\Tools\Binn\;C:\Program Files (x86)\Microsoft SQL Server\150\Tools\Binn\;C:\Program Files\Microsoft SQL Server\150\Tools\Binn\;C:\Program Files\Microsoft SQL Server\150\DTS\Binn\;C:\gradle-7.0\bin;C:\Program Files\nodejs\;C:\ProgramData\chocolatey\bin;C:\Users\wesle\AppData\Local\Android\Sdk\tools;C:\Users\wesle\AppData\Local\Android\Sdk\tools\bin;C:\Users\wesle\AppData\Local\Android\Sdk\platform-tools;C:\Users\wesle\AppData\Local\Microsoft\WindowsApps;C:\Program Files\Azure Data Studio\bin;C:\apache-maven-3.8.1\bin;C:\Program Files\heroku\bin;C:\Users\wesle\AppData\Roaming\npm;C:\Users\wesle\AppData\Local\Programs\Microsoft VS Code\bin;C:\Users\wesle\AppData\Local\Android\Sdk\tools;C:\Users\wesle\AppData\Local\Android\Sdk\tools\bin;C:\Users\wesle\AppData\Local\Android\Sdk\platform-tools;C:\Program Files\Java\zulu11.48.21-ca-jdk11.0.11-win_x64;
USERNAME=wesle
OS=Windows_NT
PROCESSOR_IDENTIFIER=Intel64 Family 6 Model 142 Stepping 12, GenuineIntel



---------------  S Y S T E M  ---------------

OS: Windows 10 , 64 bit Build 22000 (10.0.22000.434)
OS uptime: 8 days 2:22 hours

CPU:total 8 (initial active 8) (4 cores per cpu, 2 threads per core) family 6 model 142 stepping 12 microcode 0xde, cmov, cx8, fxsr, mmx, sse, sse2, sse3, ssse3, sse4.1, sse4.2, popcnt, avx, avx2, aes, clmul, erms, 3dnowpref, lzcnt, ht, tsc, tscinvbit, bmi1, bmi2, adx, fma

Memory: 4k page, system-wide physical 8072M (823M free)
TotalPageFile size 14266M (AvailPageFile size 5M)
current process WorkingSet (physical memory assigned to process): 251M, peak: 251M
current process commit charge ("private bytes"): 331M, peak: 334M

vm_info: OpenJDK 64-Bit Server VM (11.0.11+9-LTS) for windows-amd64 JRE (Zulu11.48+21-CA) (11.0.11+9-LTS), built on Apr  4 2021 08:19:59 by "zulu_re" with MS VC++ 15.9 (VS2017)

END.
